[1624311134906] INFO (361959 on order): /tam/import {"WarehouseId":1}
[1624311304959] INFO (361959 on order): /tam/import {"WarehouseId":1}
[1624311333810] INFO (361959 on order): /tam/import {"amount":2,"location":"35","product":"29","WarehouseId":1}
[1624311537504] INFO (361959 on order): /tam/import {"product":"29","amount":4,"location":"35","WarehouseId":1}
[1624311863156] INFO (2474526 on order): /tam/import {"product":"29","amount":666,"location":"35","WarehouseId":1}
[1624312215168] INFO (2474526 on order): /tam/import {"amount":2,"location":"35","product":"29","WarehouseId":1}
[1624312305070] INFO (2483051 on order): /tam/import {"amount":2,"location":"35","product":"29","WarehouseId":1}
[1624312480419] INFO (2486036 on order): /tam/import {"amount":2,"location":"35","product":"29","WarehouseId":1}
[1624312590149] INFO (2488079 on order): /tam/import {"amount":2,"location":"35","product":"29","WarehouseId":1}
[1624312610476] INFO (2488079 on order): /tam/import {"product":"29","amount":1,"location":"35","WarehouseId":1}
[1624312828722] INFO (2492282 on order): /tam/import {"amount":2,"location":"35","product":"29","WarehouseId":1}
[1624312884925] INFO (2493026 on order): /tam/import {"amount":2,"location":"35","product":"29","WarehouseId":1}
[1624312974729] INFO (2494659 on order): /tam/import {"amount":2,"location":"35","product":"29","WarehouseId":1}
[1624313084852] INFO (2496791 on order): /tam/import {"amount":2,"location":"35","product":"29","WarehouseId":1}
[1624313117237] INFO (2497409 on order): /tam/import {"amount":2,"location":"35","product":"29","WarehouseId":1}
[1624313300368] INFO (2497409 on order): /tam/import {"product":"29","amount":666,"location":"35","WarehouseId":1}
[1624313344903] INFO (2497409 on order): /tam/import {"product":"30","amount":1,"location":"36","WarehouseId":1}
[1624313555651] INFO (2497409 on order): /tam/move {"product":"29","amount":600,"locationFrom":"35","locationTo":"36","WarehouseId":1}
[1624313688937] INFO (2497409 on order): /tam/export {"product":"29","amount":600,"location":"35","WarehouseId":1}
[1624580984581] INFO (3001439 on order): /tam/import {"amount":2,"location":"35","product":"29","WarehouseId":1}
[1624581078447] INFO (3008511 on order): /tam/import {"amount":2,"location":"35","product":"29","WarehouseId":1}
[1624581276010] INFO (3008511 on order): /tam/import {"amount":2,"location":"35","product":"29","WarehouseId":1}
[1624581302149] INFO (3012496 on order): /tam/import {"amount":2,"location":"35","product":"29","WarehouseId":1}
[1624581335344] INFO (3012496 on order): /tam/import {"amount":2,"location":"35","product":"29","WarehouseId":1}
[1624581387156] INFO (3013970 on order): /tam/import {"amount":2,"location":"35","product":"29","WarehouseId":1}
[1624581514542] INFO (3016200 on order): /tam/import {"amount":2,"location":"35","product":"29","WarehouseId":1}
[1624581542668] INFO (3016798 on order): /tam/import {"amount":2,"location":"35","product":"29","WarehouseId":1}
[1624581560218] INFO (3016798 on order): /tam/import {"amount":2,"location":"35","product":"29","WarehouseId":1}
[1624581566745] INFO (3016798 on order): /tam/import {"amount":2,"location":"35","product":"29","WarehouseId":1}
[1624581603202] INFO (3016798 on order): /tam/move {"product":"30","amount":23,"locationFrom":"36","locationTo":"35","WarehouseId":1}
[1624581625867] INFO (3016798 on order): /tam/move {"product":"30","amount":23,"locationFrom":"36","locationTo":"35","WarehouseId":1}
[1624582924820] INFO (3040672 on order): /tam/move {"product":"30","amount":23,"locationFrom":"36","locationTo":"35","WarehouseId":1}
[1624582936494] INFO (3040672 on order): /tam/move {"product":"30","amount":1,"locationFrom":"36","locationTo":"35","WarehouseId":1}
[1624689429517] INFO (3061740 on order): /tam/import {"product":"31","amount":10,"location":"37","WarehouseId":6}
[1624689473859] INFO (3061740 on order): /tam/import {"product":"32","amount":1,"location":"38","WarehouseId":6}
[1624689493358] INFO (3061740 on order): /tam/move {"product":"32","amount":1,"locationFrom":"38","locationTo":"37","WarehouseId":6}
[1624689531227] INFO (3061740 on order): /tam/move {"product":"31","amount":3,"locationFrom":"37","locationTo":"39","WarehouseId":6}
[1624689578378] INFO (3061740 on order): /tam/export {"product":"31","amount":3,"location":"39","WarehouseId":6}
[1624689617587] INFO (3061740 on order): /tam/import {"product":"31","amount":100,"location":"37","WarehouseId":6}
[1624852423655] INFO (3061740 on order): /tam/import {"product":"33","amount":10,"location":"40","WarehouseId":11}
[1624852513072] INFO (3061740 on order): /tam/move {"product":"33","amount":1,"locationFrom":"40","locationTo":"41","WarehouseId":11}
[1624852558955] INFO (3061740 on order): /tam/export {"product":"33","amount":1,"location":"41","WarehouseId":11}
[1625004936367] INFO (3061740 on order): /tam/import {"location":2,"product":2,"amount":2,"WarehouseId":1}
[1625004937195] INFO (3061740 on order): /tam/move {"locationFrom":2,"locationTo":3,"product":2,"amount":2,"WarehouseId":1}
[1625004937752] INFO (3061740 on order): /tam/export {"location":2,"product":2,"amount":2,"WarehouseId":1}
[1625015632494] INFO (3061740 on order): /tam/import {"location":2,"product":2,"amount":23,"WarehouseId":1}
[1625015734343] INFO (3061740 on order): /tam/move {"locationFrom":2,"locationTo":10,"product":2,"amount":1,"WarehouseId":1}
[1625015896964] INFO (3061740 on order): /tam/export {"location":2,"product":2,"amount":2,"WarehouseId":1}
[1625015900728] INFO (3061740 on order): /tam/export {"location":2,"product":2,"amount":2,"WarehouseId":1}
